Determining if the pthread_create exist failed with the following output:
Change Dir: /media/sf_ros/Ubuntu_18_transmit_imgs_cpp/build/CMakeFiles/CMakeTmp

Run Build Command:"/usr/bin/make" "cmTC_af3cc/fast"
make: Warning: File 'Makefile' has modification time 12 s in the future
/usr/bin/make -f CMakeFiles/cmTC_af3cc.dir/build.make CMakeFiles/cmTC_af3cc.dir/build
make[1]: Entering directory '/media/sf_ros/Ubuntu_18_transmit_imgs_cpp/build/CMakeFiles/CMakeTmp'
make[1]: Warning: File 'CMakeFiles/cmTC_af3cc.dir/flags.make' has modification time 12 s in the future
Building C object CMakeFiles/cmTC_af3cc.dir/CheckSymbolExists.c.o
/usr/bin/cc    -o CMakeFiles/cmTC_af3cc.dir/CheckSymbolExists.c.o   -c /media/sf_ros/Ubuntu_18_transmit_imgs_cpp/build/CMakeFiles/CMakeTmp/CheckSymbolExists.c
Linking C executable cmTC_af3cc
/usr/bin/cmake -E cmake_link_script CMakeFiles/cmTC_af3cc.dir/link.txt --verbose=1
/usr/bin/cc      -rdynamic CMakeFiles/cmTC_af3cc.dir/CheckSymbolExists.c.o  -o cmTC_af3cc 
CMakeFiles/cmTC_af3cc.dir/CheckSymbolExists.c.o: In function `main':
CheckSymbolExists.c:(.text+0x1b): undefined reference to `pthread_create'
collect2: error: ld returned 1 exit status
CMakeFiles/cmTC_af3cc.dir/build.make:97: recipe for target 'cmTC_af3cc' failed
make[1]: *** [cmTC_af3cc] Error 1
make[1]: Leaving directory '/media/sf_ros/Ubuntu_18_transmit_imgs_cpp/build/CMakeFiles/CMakeTmp'
Makefile:126: recipe for target 'cmTC_af3cc/fast' failed
make: *** [cmTC_af3cc/fast] Error 2

File /media/sf_ros/Ubuntu_18_transmit_imgs_cpp/build/CMakeFiles/CMakeTmp/CheckSymbolExists.c:
/* */
#include <pthread.h>

int main(int argc, char** argv)
{
  (void)argv;
#ifndef pthread_create
  return ((int*)(&pthread_create))[argc];
#else
  (void)argc;
  return 0;
#endif
}

Determining if the function pthread_create exists in the pthreads failed with the following output:
Change Dir: /media/sf_ros/Ubuntu_18_transmit_imgs_cpp/build/CMakeFiles/CMakeTmp

Run Build Command:"/usr/bin/make" "cmTC_06bf7/fast"
make: Warning: File 'Makefile' has modification time 12 s in the future
/usr/bin/make -f CMakeFiles/cmTC_06bf7.dir/build.make CMakeFiles/cmTC_06bf7.dir/build
make[1]: Entering directory '/media/sf_ros/Ubuntu_18_transmit_imgs_cpp/build/CMakeFiles/CMakeTmp'
make[1]: Warning: File 'CMakeFiles/cmTC_06bf7.dir/flags.make' has modification time 12 s in the future
Building C object CMakeFiles/cmTC_06bf7.dir/CheckFunctionExists.c.o
/usr/bin/cc   -DCHECK_FUNCTION_EXISTS=pthread_create   -o CMakeFiles/cmTC_06bf7.dir/CheckFunctionExists.c.o   -c /usr/share/cmake-3.10/Modules/CheckFunctionExists.c
Linking C executable cmTC_06bf7
/usr/bin/cmake -E cmake_link_script CMakeFiles/cmTC_06bf7.dir/link.txt --verbose=1
/usr/bin/cc  -DCHECK_FUNCTION_EXISTS=pthread_create    -rdynamic CMakeFiles/cmTC_06bf7.dir/CheckFunctionExists.c.o  -o cmTC_06bf7 -lpthreads 
/usr/bin/ld: cannot find -lpthreads
collect2: error: ld returned 1 exit status
CMakeFiles/cmTC_06bf7.dir/build.make:97: recipe for target 'cmTC_06bf7' failed
make[1]: *** [cmTC_06bf7] Error 1
make[1]: Leaving directory '/media/sf_ros/Ubuntu_18_transmit_imgs_cpp/build/CMakeFiles/CMakeTmp'
Makefile:126: recipe for target 'cmTC_06bf7/fast' failed
make: *** [cmTC_06bf7/fast] Error 2


